Build started 15/10/2014 18:03:30.
     1>Project "C:\Users\fali\developement\ConsoleApplication1\ConsoleApplication1\ConsoleApplication1.vcxproj" on node 2 (Build target(s)).
     1>ClCompile:
         C:\Program Files (x86)\Microsoft Visual Studio 11.0\VC\bin\CL.exe /c /IC:\Users\fali\developement\ConsoleApplication1\ConsoleApplication1 /I"C:\Users\fali\developement\ConsoleApplication1\ConsoleApplication1\glfw-3.0.4\include" /IC:\Users\fali\developement\glm\glm /I"C:\Users\fali\developement\ConsoleApplication1\ConsoleApplication1\glew-1.10.0\include" /IC:\Users\fali\developement\ConsoleApplication1\ConsoleApplication1\freeglut\include /Zi /nologo /W3 /WX- /sdl /O2 /Oi /Oy- /GL /D WIN32 /D NDEBUG /D _CONSOLE /D _UNICODE /D UNICODE /Gm- /EHsc /MD /GS /Gy /fp:precise /Zc:wchar_t /Zc:forScope /Fo"Release\\" /Fd"Release\vc110.pdb" /Gd /TP /analyze- /errorReport:prompt main.cpp
         main.cpp
     1>C:\Users\fali\developement\ConsoleApplication1\ConsoleApplication1\common/cylinder.h(31): warning C4018: '<' : signed/unsigned mismatch
     1>C:\Users\fali\developement\ConsoleApplication1\ConsoleApplication1\common/cylinder.h(34): warning C4244: 'argument' : conversion from 'double' to 'float', possible loss of data
     1>C:\Users\fali\developement\ConsoleApplication1\ConsoleApplication1\common/cylinder.h(43): warning C4018: '<' : signed/unsigned mismatch
     1>C:\Users\fali\developement\ConsoleApplication1\ConsoleApplication1\common/cylinder.h(46): warning C4244: 'argument' : conversion from 'double' to 'float', possible loss of data
     1>C:\Users\fali\developement\ConsoleApplication1\ConsoleApplication1\common/cylinder.h(53): warning C4018: '<' : signed/unsigned mismatch
         GLM: perspective function taking degrees as a parameter is deprecated. #define GLM_FORCE_RADIANS before including GLM headers to remove this message.
       Link:
         C:\Program Files (x86)\Microsoft Visual Studio 11.0\VC\bin\link.exe /ERRORREPORT:PROMPT /OUT:"C:\Users\fali\developement\ConsoleApplication1\Release\ConsoleApplication1.exe" /INCREMENTAL:NO /NOLOGO /LIBPATH:"C:\Users\fali\developement\ConsoleApplication1\ConsoleApplication1\glfw-3.0.4.bin.WIN32\lib-msvc110" /LIBPATH:"C:\Users\fali\developement\ConsoleApplication1\ConsoleApplication1\glew-1.10.0\lib\Release\Win32" /LIBPATH:C:\Users\fali\developement\ConsoleApplication1\ConsoleApplication1\freeglut\lib freeglut.lib glew32.lib glfw3.lib opengl32.lib kernel32.lib user32.lib gdi32.lib winspool.lib comdlg32.lib advapi32.lib shell32.lib ole32.lib oleaut32.lib uuid.lib odbc32.lib odbccp32.lib /MANIFEST /MANIFESTUAC:"level='asInvoker' uiAccess='false'" /manifest:embed /DEBUG /PDB:"C:\Users\fali\developement\ConsoleApplication1\Release\ConsoleApplication1.pdb" /SUBSYSTEM:CONSOLE /OPT:REF /OPT:ICF /LTCG /TLBID:1 /DYNAMICBASE /NXCOMPAT /IMPLIB:"C:\Users\fali\developement\ConsoleApplication1\Release\ConsoleApplication1.lib" /MACHINE:X86 /SAFESEH Release\control.obj
         Release\maths_funcs.obj
         Release\main.obj
         Generating code
         Finished generating code
         ConsoleApplication1.vcxproj -> C:\Users\fali\developement\ConsoleApplication1\Release\ConsoleApplication1.exe
     1>Done Building Project "C:\Users\fali\developement\ConsoleApplication1\ConsoleApplication1\ConsoleApplication1.vcxproj" (Build target(s)).

Build succeeded.

Time Elapsed 00:00:01.20
