C:\USERS\FALI\DEVELOPEMENT\CONSOLEAPPLICATION1\CONSOLEAPPLICATION1\DEBUG\VC110.PDB
C:\USERS\FALI\DEVELOPEMENT\CONSOLEAPPLICATION1\CONSOLEAPPLICATION1\DEBUG\MAIN.OBJ
C:\USERS\FALI\DEVELOPEMENT\CONSOLEAPPLICATION1\CONSOLEAPPLICATION1\DEBUG\MATHS_FUNCS.OBJ
C:\USERS\FALI\DEVELOPEMENT\CONSOLEAPPLICATION1\CONSOLEAPPLICATION1\DEBUG\CONTROL.OBJ
C:\USERS\FALI\DEVELOPEMENT\CONSOLEAPPLICATION1\CONSOLEAPPLICATION1\DEBUG\SKELETONTREE.OBJ
C:\USERS\FALI\DEVELOPEMENT\CONSOLEAPPLICATION1\CONSOLEAPPLICATION1\DEBUG\NODE.OBJ
C:\USERS\FALI\DEVELOPEMENT\CONSOLEAPPLICATION1\CONSOLEAPPLICATION1\DEBUG\SKELETON.OBJ
C:\USERS\FALI\DEVELOPEMENT\CONSOLEAPPLICATION1\CONSOLEAPPLICATION1\DEBUG\VBOINDEXER.OBJ
C:\Users\fali\developement\ConsoleApplication1\ConsoleApplication1\Debug\control.obj
C:\Users\fali\developement\ConsoleApplication1\ConsoleApplication1\Debug\main.obj
C:\Users\fali\developement\ConsoleApplication1\ConsoleApplication1\Debug\maths_funcs.obj
C:\Users\fali\developement\ConsoleApplication1\ConsoleApplication1\Debug\Node.obj
C:\Users\fali\developement\ConsoleApplication1\ConsoleApplication1\Debug\skeleton.obj
C:\Users\fali\developement\ConsoleApplication1\ConsoleApplication1\Debug\skeletonTree.obj
C:\Users\fali\developement\ConsoleApplication1\ConsoleApplication1\Debug\vboIndexer.obj
C:\Users\fali\developement\ConsoleApplication1\ConsoleApplication1\Debug\cl.command.1.tlog
C:\Users\fali\developement\ConsoleApplication1\ConsoleApplication1\Debug\CL.read.1.tlog
C:\Users\fali\developement\ConsoleApplication1\ConsoleApplication1\Debug\CL.write.1.tlog
C:\Users\fali\developement\ConsoleApplication1\ConsoleApplication1\Debug\link-cvtres.read.1.tlog
C:\Users\fali\developement\ConsoleApplication1\ConsoleApplication1\Debug\link-cvtres.write.1.tlog
C:\Users\fali\developement\ConsoleApplication1\ConsoleApplication1\Debug\link-rc.read.1.tlog
C:\Users\fali\developement\ConsoleApplication1\ConsoleApplication1\Debug\link-rc.write.1.tlog
C:\Users\fali\developement\ConsoleApplication1\ConsoleApplication1\Debug\link.10252-cvtres.read.1.tlog
C:\Users\fali\developement\ConsoleApplication1\ConsoleApplication1\Debug\link.10252-cvtres.write.1.tlog
C:\Users\fali\developement\ConsoleApplication1\ConsoleApplication1\Debug\link.10252-rc.read.1.tlog
C:\Users\fali\developement\ConsoleApplication1\ConsoleApplication1\Debug\link.10252-rc.write.1.tlog
C:\Users\fali\developement\ConsoleApplication1\ConsoleApplication1\Debug\link.10252.read.1.tlog
C:\Users\fali\developement\ConsoleApplication1\ConsoleApplication1\Debug\link.10252.write.1.tlog
C:\Users\fali\developement\ConsoleApplication1\ConsoleApplication1\Debug\link.10260-cvtres.read.1.tlog
C:\Users\fali\developement\ConsoleApplication1\ConsoleApplication1\Debug\link.10260-cvtres.write.1.tlog
C:\Users\fali\developement\ConsoleApplication1\ConsoleApplication1\Debug\link.10260-rc.read.1.tlog
C:\Users\fali\developement\ConsoleApplication1\ConsoleApplication1\Debug\link.10260-rc.write.1.tlog
C:\Users\fali\developement\ConsoleApplication1\ConsoleApplication1\Debug\link.10260.read.1.tlog
C:\Users\fali\developement\ConsoleApplication1\ConsoleApplication1\Debug\link.10260.write.1.tlog
C:\Users\fali\developement\ConsoleApplication1\ConsoleApplication1\Debug\link.1104-cvtres.read.1.tlog
C:\Users\fali\developement\ConsoleApplication1\ConsoleApplication1\Debug\link.1104-cvtres.write.1.tlog
C:\Users\fali\developement\ConsoleApplication1\ConsoleApplication1\Debug\link.1104-rc.read.1.tlog
C:\Users\fali\developement\ConsoleApplication1\ConsoleApplication1\Debug\link.1104-rc.write.1.tlog
C:\Users\fali\developement\ConsoleApplication1\ConsoleApplication1\Debug\link.1104.read.1.tlog
C:\Users\fali\developement\ConsoleApplication1\ConsoleApplication1\Debug\link.1104.write.1.tlog
C:\Users\fali\developement\ConsoleApplication1\ConsoleApplication1\Debug\link.11076-cvtres.read.1.tlog
C:\Users\fali\developement\ConsoleApplication1\ConsoleApplication1\Debug\link.11076-cvtres.write.1.tlog
C:\Users\fali\developement\ConsoleApplication1\ConsoleApplication1\Debug\link.11076-rc.read.1.tlog
C:\Users\fali\developement\ConsoleApplication1\ConsoleApplication1\Debug\link.11076-rc.write.1.tlog
C:\Users\fali\developement\ConsoleApplication1\ConsoleApplication1\Debug\link.11076.read.1.tlog
C:\Users\fali\developement\ConsoleApplication1\ConsoleApplication1\Debug\link.11076.write.1.tlog
C:\Users\fali\developement\ConsoleApplication1\ConsoleApplication1\Debug\link.11176-cvtres.read.1.tlog
C:\Users\fali\developement\ConsoleApplication1\ConsoleApplication1\Debug\link.11176-cvtres.write.1.tlog
C:\Users\fali\developement\ConsoleApplication1\ConsoleApplication1\Debug\link.11176-rc.read.1.tlog
C:\Users\fali\developement\ConsoleApplication1\ConsoleApplication1\Debug\link.11176-rc.write.1.tlog
C:\Users\fali\developement\ConsoleApplication1\ConsoleApplication1\Debug\link.11176.read.1.tlog
C:\Users\fali\developement\ConsoleApplication1\ConsoleApplication1\Debug\link.11176.write.1.tlog
C:\Users\fali\developement\ConsoleApplication1\ConsoleApplication1\Debug\link.11268-cvtres.read.1.tlog
C:\Users\fali\developement\ConsoleApplication1\ConsoleApplication1\Debug\link.11268-cvtres.write.1.tlog
C:\Users\fali\developement\ConsoleApplication1\ConsoleApplication1\Debug\link.11268-rc.read.1.tlog
C:\Users\fali\developement\ConsoleApplication1\ConsoleApplication1\Debug\link.11268-rc.write.1.tlog
C:\Users\fali\developement\ConsoleApplication1\ConsoleApplication1\Debug\link.11268.read.1.tlog
C:\Users\fali\developement\ConsoleApplication1\ConsoleApplication1\Debug\link.11268.write.1.tlog
C:\Users\fali\developement\ConsoleApplication1\ConsoleApplication1\Debug\link.11440-cvtres.read.1.tlog
C:\Users\fali\developement\ConsoleApplication1\ConsoleApplication1\Debug\link.11440-cvtres.write.1.tlog
C:\Users\fali\developement\ConsoleApplication1\ConsoleApplication1\Debug\link.11440-rc.read.1.tlog
C:\Users\fali\developement\ConsoleApplication1\ConsoleApplication1\Debug\link.11440-rc.write.1.tlog
C:\Users\fali\developement\ConsoleApplication1\ConsoleApplication1\Debug\link.11440.read.1.tlog
C:\Users\fali\developement\ConsoleApplication1\ConsoleApplication1\Debug\link.11440.write.1.tlog
C:\Users\fali\developement\ConsoleApplication1\ConsoleApplication1\Debug\link.11464-cvtres.read.1.tlog
C:\Users\fali\developement\ConsoleApplication1\ConsoleApplication1\Debug\link.11464-cvtres.write.1.tlog
C:\Users\fali\developement\ConsoleApplication1\ConsoleApplication1\Debug\link.11464-rc.read.1.tlog
C:\Users\fali\developement\ConsoleApplication1\ConsoleApplication1\Debug\link.11464-rc.write.1.tlog
C:\Users\fali\developement\ConsoleApplication1\ConsoleApplication1\Debug\link.11464.read.1.tlog
C:\Users\fali\developement\ConsoleApplication1\ConsoleApplication1\Debug\link.11464.write.1.tlog
C:\Users\fali\developement\ConsoleApplication1\ConsoleApplication1\Debug\link.11604-cvtres.read.1.tlog
C:\Users\fali\developement\ConsoleApplication1\ConsoleApplication1\Debug\link.11604-cvtres.write.1.tlog
C:\Users\fali\developement\ConsoleApplication1\ConsoleApplication1\Debug\link.11604-rc.read.1.tlog
C:\Users\fali\developement\ConsoleApplication1\ConsoleApplication1\Debug\link.11604-rc.write.1.tlog
C:\Users\fali\developement\ConsoleApplication1\ConsoleApplication1\Debug\link.11604.read.1.tlog
C:\Users\fali\developement\ConsoleApplication1\ConsoleApplication1\Debug\link.11604.write.1.tlog
C:\Users\fali\developement\ConsoleApplication1\ConsoleApplication1\Debug\link.12068-cvtres.read.1.tlog
C:\Users\fali\developement\ConsoleApplication1\ConsoleApplication1\Debug\link.12068-cvtres.write.1.tlog
C:\Users\fali\developement\ConsoleApplication1\ConsoleApplication1\Debug\link.12068-rc.read.1.tlog
C:\Users\fali\developement\ConsoleApplication1\ConsoleApplication1\Debug\link.12068-rc.write.1.tlog
C:\Users\fali\developement\ConsoleApplication1\ConsoleApplication1\Debug\link.12068.read.1.tlog
C:\Users\fali\developement\ConsoleApplication1\ConsoleApplication1\Debug\link.12068.write.1.tlog
C:\Users\fali\developement\ConsoleApplication1\ConsoleApplication1\Debug\link.12560-cvtres.read.1.tlog
C:\Users\fali\developement\ConsoleApplication1\ConsoleApplication1\Debug\link.12560-cvtres.write.1.tlog
C:\Users\fali\developement\ConsoleApplication1\ConsoleApplication1\Debug\link.12560-rc.read.1.tlog
C:\Users\fali\developement\ConsoleApplication1\ConsoleApplication1\Debug\link.12560-rc.write.1.tlog
C:\Users\fali\developement\ConsoleApplication1\ConsoleApplication1\Debug\link.12560.read.1.tlog
C:\Users\fali\developement\ConsoleApplication1\ConsoleApplication1\Debug\link.12560.write.1.tlog
C:\Users\fali\developement\ConsoleApplication1\ConsoleApplication1\Debug\link.13532-cvtres.read.1.tlog
C:\Users\fali\developement\ConsoleApplication1\ConsoleApplication1\Debug\link.13532-cvtres.write.1.tlog
C:\Users\fali\developement\ConsoleApplication1\ConsoleApplication1\Debug\link.13532-rc.read.1.tlog
C:\Users\fali\developement\ConsoleApplication1\ConsoleApplication1\Debug\link.13532-rc.write.1.tlog
C:\Users\fali\developement\ConsoleApplication1\ConsoleApplication1\Debug\link.13532.read.1.tlog
C:\Users\fali\developement\ConsoleApplication1\ConsoleApplication1\Debug\link.13532.write.1.tlog
C:\Users\fali\developement\ConsoleApplication1\ConsoleApplication1\Debug\link.14072-cvtres.read.1.tlog
C:\Users\fali\developement\ConsoleApplication1\ConsoleApplication1\Debug\link.14072-cvtres.write.1.tlog
C:\Users\fali\developement\ConsoleApplication1\ConsoleApplication1\Debug\link.14072-rc.read.1.tlog
C:\Users\fali\developement\ConsoleApplication1\ConsoleApplication1\Debug\link.14072-rc.write.1.tlog
C:\Users\fali\developement\ConsoleApplication1\ConsoleApplication1\Debug\link.14072.read.1.tlog
C:\Users\fali\developement\ConsoleApplication1\ConsoleApplication1\Debug\link.14072.write.1.tlog
C:\Users\fali\developement\ConsoleApplication1\ConsoleApplication1\Debug\link.3384-cvtres.read.1.tlog
C:\Users\fali\developement\ConsoleApplication1\ConsoleApplication1\Debug\link.3384-cvtres.write.1.tlog
C:\Users\fali\developement\ConsoleApplication1\ConsoleApplication1\Debug\link.3384-rc.read.1.tlog
C:\Users\fali\developement\ConsoleApplication1\ConsoleApplication1\Debug\link.3384-rc.write.1.tlog
C:\Users\fali\developement\ConsoleApplication1\ConsoleApplication1\Debug\link.3384.read.1.tlog
C:\Users\fali\developement\ConsoleApplication1\ConsoleApplication1\Debug\link.3384.write.1.tlog
C:\Users\fali\developement\ConsoleApplication1\ConsoleApplication1\Debug\link.3792-cvtres.read.1.tlog
C:\Users\fali\developement\ConsoleApplication1\ConsoleApplication1\Debug\link.3792-cvtres.write.1.tlog
C:\Users\fali\developement\ConsoleApplication1\ConsoleApplication1\Debug\link.3792-rc.read.1.tlog
C:\Users\fali\developement\ConsoleApplication1\ConsoleApplication1\Debug\link.3792-rc.write.1.tlog
C:\Users\fali\developement\ConsoleApplication1\ConsoleApplication1\Debug\link.3792.read.1.tlog
C:\Users\fali\developement\ConsoleApplication1\ConsoleApplication1\Debug\link.3792.write.1.tlog
C:\Users\fali\developement\ConsoleApplication1\ConsoleApplication1\Debug\link.3980-cvtres.read.1.tlog
C:\Users\fali\developement\ConsoleApplication1\ConsoleApplication1\Debug\link.3980-cvtres.write.1.tlog
C:\Users\fali\developement\ConsoleApplication1\ConsoleApplication1\Debug\link.3980-rc.read.1.tlog
C:\Users\fali\developement\ConsoleApplication1\ConsoleApplication1\Debug\link.3980-rc.write.1.tlog
C:\Users\fali\developement\ConsoleApplication1\ConsoleApplication1\Debug\link.3980.read.1.tlog
C:\Users\fali\developement\ConsoleApplication1\ConsoleApplication1\Debug\link.3980.write.1.tlog
C:\Users\fali\developement\ConsoleApplication1\ConsoleApplication1\Debug\link.3988-cvtres.read.1.tlog
C:\Users\fali\developement\ConsoleApplication1\ConsoleApplication1\Debug\link.3988-cvtres.write.1.tlog
C:\Users\fali\developement\ConsoleApplication1\ConsoleApplication1\Debug\link.3988-rc.read.1.tlog
C:\Users\fali\developement\ConsoleApplication1\ConsoleApplication1\Debug\link.3988-rc.write.1.tlog
C:\Users\fali\developement\ConsoleApplication1\ConsoleApplication1\Debug\link.3988.read.1.tlog
C:\Users\fali\developement\ConsoleApplication1\ConsoleApplication1\Debug\link.3988.write.1.tlog
C:\Users\fali\developement\ConsoleApplication1\ConsoleApplication1\Debug\link.4152-cvtres.read.1.tlog
C:\Users\fali\developement\ConsoleApplication1\ConsoleApplication1\Debug\link.4152-cvtres.write.1.tlog
C:\Users\fali\developement\ConsoleApplication1\ConsoleApplication1\Debug\link.4152-rc.read.1.tlog
C:\Users\fali\developement\ConsoleApplication1\ConsoleApplication1\Debug\link.4152-rc.write.1.tlog
C:\Users\fali\developement\ConsoleApplication1\ConsoleApplication1\Debug\link.4152.read.1.tlog
C:\Users\fali\developement\ConsoleApplication1\ConsoleApplication1\Debug\link.4152.write.1.tlog
C:\Users\fali\developement\ConsoleApplication1\ConsoleApplication1\Debug\link.4336-cvtres.read.1.tlog
C:\Users\fali\developement\ConsoleApplication1\ConsoleApplication1\Debug\link.4336-cvtres.write.1.tlog
C:\Users\fali\developement\ConsoleApplication1\ConsoleApplication1\Debug\link.4336-rc.read.1.tlog
C:\Users\fali\developement\ConsoleApplication1\ConsoleApplication1\Debug\link.4336-rc.write.1.tlog
C:\Users\fali\developement\ConsoleApplication1\ConsoleApplication1\Debug\link.4336.read.1.tlog
C:\Users\fali\developement\ConsoleApplication1\ConsoleApplication1\Debug\link.4336.write.1.tlog
C:\Users\fali\developement\ConsoleApplication1\ConsoleApplication1\Debug\link.4684-cvtres.read.1.tlog
C:\Users\fali\developement\ConsoleApplication1\ConsoleApplication1\Debug\link.4684-cvtres.write.1.tlog
C:\Users\fali\developement\ConsoleApplication1\ConsoleApplication1\Debug\link.4684-rc.read.1.tlog
C:\Users\fali\developement\ConsoleApplication1\ConsoleApplication1\Debug\link.4684-rc.write.1.tlog
C:\Users\fali\developement\ConsoleApplication1\ConsoleApplication1\Debug\link.4684.read.1.tlog
C:\Users\fali\developement\ConsoleApplication1\ConsoleApplication1\Debug\link.4684.write.1.tlog
C:\Users\fali\developement\ConsoleApplication1\ConsoleApplication1\Debug\link.4800-cvtres.read.1.tlog
C:\Users\fali\developement\ConsoleApplication1\ConsoleApplication1\Debug\link.4800-cvtres.write.1.tlog
C:\Users\fali\developement\ConsoleApplication1\ConsoleApplication1\Debug\link.4800-rc.read.1.tlog
C:\Users\fali\developement\ConsoleApplication1\ConsoleApplication1\Debug\link.4800-rc.write.1.tlog
C:\Users\fali\developement\ConsoleApplication1\ConsoleApplication1\Debug\link.4800.read.1.tlog
C:\Users\fali\developement\ConsoleApplication1\ConsoleApplication1\Debug\link.4800.write.1.tlog
C:\Users\fali\developement\ConsoleApplication1\ConsoleApplication1\Debug\link.5392-cvtres.read.1.tlog
C:\Users\fali\developement\ConsoleApplication1\ConsoleApplication1\Debug\link.5392-cvtres.write.1.tlog
C:\Users\fali\developement\ConsoleApplication1\ConsoleApplication1\Debug\link.5392-rc.read.1.tlog
C:\Users\fali\developement\ConsoleApplication1\ConsoleApplication1\Debug\link.5392-rc.write.1.tlog
C:\Users\fali\developement\ConsoleApplication1\ConsoleApplication1\Debug\link.5392.read.1.tlog
C:\Users\fali\developement\ConsoleApplication1\ConsoleApplication1\Debug\link.5392.write.1.tlog
C:\Users\fali\developement\ConsoleApplication1\ConsoleApplication1\Debug\link.5412-cvtres.read.1.tlog
C:\Users\fali\developement\ConsoleApplication1\ConsoleApplication1\Debug\link.5412-cvtres.write.1.tlog
C:\Users\fali\developement\ConsoleApplication1\ConsoleApplication1\Debug\link.5412-rc.read.1.tlog
C:\Users\fali\developement\ConsoleApplication1\ConsoleApplication1\Debug\link.5412-rc.write.1.tlog
C:\Users\fali\developement\ConsoleApplication1\ConsoleApplication1\Debug\link.5412.read.1.tlog
C:\Users\fali\developement\ConsoleApplication1\ConsoleApplication1\Debug\link.5412.write.1.tlog
C:\Users\fali\developement\ConsoleApplication1\ConsoleApplication1\Debug\link.6328-cvtres.read.1.tlog
C:\Users\fali\developement\ConsoleApplication1\ConsoleApplication1\Debug\link.6328-cvtres.write.1.tlog
C:\Users\fali\developement\ConsoleApplication1\ConsoleApplication1\Debug\link.6328-rc.read.1.tlog
C:\Users\fali\developement\ConsoleApplication1\ConsoleApplication1\Debug\link.6328-rc.write.1.tlog
C:\Users\fali\developement\ConsoleApplication1\ConsoleApplication1\Debug\link.6328.read.1.tlog
C:\Users\fali\developement\ConsoleApplication1\ConsoleApplication1\Debug\link.6328.write.1.tlog
C:\Users\fali\developement\ConsoleApplication1\ConsoleApplication1\Debug\link.6452-cvtres.read.1.tlog
C:\Users\fali\developement\ConsoleApplication1\ConsoleApplication1\Debug\link.6452-cvtres.write.1.tlog
C:\Users\fali\developement\ConsoleApplication1\ConsoleApplication1\Debug\link.6452-rc.read.1.tlog
C:\Users\fali\developement\ConsoleApplication1\ConsoleApplication1\Debug\link.6452-rc.write.1.tlog
C:\Users\fali\developement\ConsoleApplication1\ConsoleApplication1\Debug\link.6452.read.1.tlog
C:\Users\fali\developement\ConsoleApplication1\ConsoleApplication1\Debug\link.6452.write.1.tlog
C:\Users\fali\developement\ConsoleApplication1\ConsoleApplication1\Debug\link.6776-cvtres.read.1.tlog
C:\Users\fali\developement\ConsoleApplication1\ConsoleApplication1\Debug\link.6776-cvtres.write.1.tlog
C:\Users\fali\developement\ConsoleApplication1\ConsoleApplication1\Debug\link.6776-rc.read.1.tlog
C:\Users\fali\developement\ConsoleApplication1\ConsoleApplication1\Debug\link.6776-rc.write.1.tlog
C:\Users\fali\developement\ConsoleApplication1\ConsoleApplication1\Debug\link.6776.read.1.tlog
C:\Users\fali\developement\ConsoleApplication1\ConsoleApplication1\Debug\link.6776.write.1.tlog
C:\Users\fali\developement\ConsoleApplication1\ConsoleApplication1\Debug\link.7148-cvtres.read.1.tlog
C:\Users\fali\developement\ConsoleApplication1\ConsoleApplication1\Debug\link.7148-cvtres.write.1.tlog
C:\Users\fali\developement\ConsoleApplication1\ConsoleApplication1\Debug\link.7148-rc.read.1.tlog
C:\Users\fali\developement\ConsoleApplication1\ConsoleApplication1\Debug\link.7148-rc.write.1.tlog
C:\Users\fali\developement\ConsoleApplication1\ConsoleApplication1\Debug\link.7148.read.1.tlog
C:\Users\fali\developement\ConsoleApplication1\ConsoleApplication1\Debug\link.7148.write.1.tlog
C:\Users\fali\developement\ConsoleApplication1\ConsoleApplication1\Debug\link.7396-cvtres.read.1.tlog
C:\Users\fali\developement\ConsoleApplication1\ConsoleApplication1\Debug\link.7396-cvtres.write.1.tlog
C:\Users\fali\developement\ConsoleApplication1\ConsoleApplication1\Debug\link.7396-rc.read.1.tlog
C:\Users\fali\developement\ConsoleApplication1\ConsoleApplication1\Debug\link.7396-rc.write.1.tlog
C:\Users\fali\developement\ConsoleApplication1\ConsoleApplication1\Debug\link.7396.read.1.tlog
C:\Users\fali\developement\ConsoleApplication1\ConsoleApplication1\Debug\link.7396.write.1.tlog
C:\Users\fali\developement\ConsoleApplication1\ConsoleApplication1\Debug\link.7636-cvtres.read.1.tlog
C:\Users\fali\developement\ConsoleApplication1\ConsoleApplication1\Debug\link.7636-cvtres.write.1.tlog
C:\Users\fali\developement\ConsoleApplication1\ConsoleApplication1\Debug\link.7636-rc.read.1.tlog
C:\Users\fali\developement\ConsoleApplication1\ConsoleApplication1\Debug\link.7636-rc.write.1.tlog
C:\Users\fali\developement\ConsoleApplication1\ConsoleApplication1\Debug\link.7636.read.1.tlog
C:\Users\fali\developement\ConsoleApplication1\ConsoleApplication1\Debug\link.7636.write.1.tlog
C:\Users\fali\developement\ConsoleApplication1\ConsoleApplication1\Debug\link.7724-cvtres.read.1.tlog
C:\Users\fali\developement\ConsoleApplication1\ConsoleApplication1\Debug\link.7724-cvtres.write.1.tlog
C:\Users\fali\developement\ConsoleApplication1\ConsoleApplication1\Debug\link.7724-rc.read.1.tlog
C:\Users\fali\developement\ConsoleApplication1\ConsoleApplication1\Debug\link.7724-rc.write.1.tlog
C:\Users\fali\developement\ConsoleApplication1\ConsoleApplication1\Debug\link.7724.read.1.tlog
C:\Users\fali\developement\ConsoleApplication1\ConsoleApplication1\Debug\link.7724.write.1.tlog
C:\Users\fali\developement\ConsoleApplication1\ConsoleApplication1\Debug\link.8092-cvtres.read.1.tlog
C:\Users\fali\developement\ConsoleApplication1\ConsoleApplication1\Debug\link.8092-cvtres.write.1.tlog
C:\Users\fali\developement\ConsoleApplication1\ConsoleApplication1\Debug\link.8092-rc.read.1.tlog
C:\Users\fali\developement\ConsoleApplication1\ConsoleApplication1\Debug\link.8092-rc.write.1.tlog
C:\Users\fali\developement\ConsoleApplication1\ConsoleApplication1\Debug\link.8092.read.1.tlog
C:\Users\fali\developement\ConsoleApplication1\ConsoleApplication1\Debug\link.8092.write.1.tlog
C:\Users\fali\developement\ConsoleApplication1\ConsoleApplication1\Debug\link.840-cvtres.read.1.tlog
C:\Users\fali\developement\ConsoleApplication1\ConsoleApplication1\Debug\link.840-cvtres.write.1.tlog
C:\Users\fali\developement\ConsoleApplication1\ConsoleApplication1\Debug\link.840-rc.read.1.tlog
C:\Users\fali\developement\ConsoleApplication1\ConsoleApplication1\Debug\link.840-rc.write.1.tlog
C:\Users\fali\developement\ConsoleApplication1\ConsoleApplication1\Debug\link.840.read.1.tlog
C:\Users\fali\developement\ConsoleApplication1\ConsoleApplication1\Debug\link.840.write.1.tlog
C:\Users\fali\developement\ConsoleApplication1\ConsoleApplication1\Debug\link.8712-cvtres.read.1.tlog
C:\Users\fali\developement\ConsoleApplication1\ConsoleApplication1\Debug\link.8712-cvtres.write.1.tlog
C:\Users\fali\developement\ConsoleApplication1\ConsoleApplication1\Debug\link.8712-rc.read.1.tlog
C:\Users\fali\developement\ConsoleApplication1\ConsoleApplication1\Debug\link.8712-rc.write.1.tlog
C:\Users\fali\developement\ConsoleApplication1\ConsoleApplication1\Debug\link.8712.read.1.tlog
C:\Users\fali\developement\ConsoleApplication1\ConsoleApplication1\Debug\link.8712.write.1.tlog
C:\Users\fali\developement\ConsoleApplication1\ConsoleApplication1\Debug\link.8788-cvtres.read.1.tlog
C:\Users\fali\developement\ConsoleApplication1\ConsoleApplication1\Debug\link.8788-cvtres.write.1.tlog
C:\Users\fali\developement\ConsoleApplication1\ConsoleApplication1\Debug\link.8788-rc.read.1.tlog
C:\Users\fali\developement\ConsoleApplication1\ConsoleApplication1\Debug\link.8788-rc.write.1.tlog
C:\Users\fali\developement\ConsoleApplication1\ConsoleApplication1\Debug\link.8788.read.1.tlog
C:\Users\fali\developement\ConsoleApplication1\ConsoleApplication1\Debug\link.8788.write.1.tlog
C:\Users\fali\developement\ConsoleApplication1\ConsoleApplication1\Debug\link.8912-cvtres.read.1.tlog
C:\Users\fali\developement\ConsoleApplication1\ConsoleApplication1\Debug\link.8912-cvtres.write.1.tlog
C:\Users\fali\developement\ConsoleApplication1\ConsoleApplication1\Debug\link.8912-rc.read.1.tlog
C:\Users\fali\developement\ConsoleApplication1\ConsoleApplication1\Debug\link.8912-rc.write.1.tlog
C:\Users\fali\developement\ConsoleApplication1\ConsoleApplication1\Debug\link.8912.read.1.tlog
C:\Users\fali\developement\ConsoleApplication1\ConsoleApplication1\Debug\link.8912.write.1.tlog
C:\Users\fali\developement\ConsoleApplication1\ConsoleApplication1\Debug\link.9128-cvtres.read.1.tlog
C:\Users\fali\developement\ConsoleApplication1\ConsoleApplication1\Debug\link.9128-cvtres.write.1.tlog
C:\Users\fali\developement\ConsoleApplication1\ConsoleApplication1\Debug\link.9128-rc.read.1.tlog
C:\Users\fali\developement\ConsoleApplication1\ConsoleApplication1\Debug\link.9128-rc.write.1.tlog
C:\Users\fali\developement\ConsoleApplication1\ConsoleApplication1\Debug\link.9128.read.1.tlog
C:\Users\fali\developement\ConsoleApplication1\ConsoleApplication1\Debug\link.9128.write.1.tlog
C:\Users\fali\developement\ConsoleApplication1\ConsoleApplication1\Debug\link.9284-cvtres.read.1.tlog
C:\Users\fali\developement\ConsoleApplication1\ConsoleApplication1\Debug\link.9284-cvtres.write.1.tlog
C:\Users\fali\developement\ConsoleApplication1\ConsoleApplication1\Debug\link.9284-rc.read.1.tlog
C:\Users\fali\developement\ConsoleApplication1\ConsoleApplication1\Debug\link.9284-rc.write.1.tlog
C:\Users\fali\developement\ConsoleApplication1\ConsoleApplication1\Debug\link.9284.read.1.tlog
C:\Users\fali\developement\ConsoleApplication1\ConsoleApplication1\Debug\link.9284.write.1.tlog
C:\Users\fali\developement\ConsoleApplication1\ConsoleApplication1\Debug\link.9388-cvtres.read.1.tlog
C:\Users\fali\developement\ConsoleApplication1\ConsoleApplication1\Debug\link.9388-cvtres.write.1.tlog
C:\Users\fali\developement\ConsoleApplication1\ConsoleApplication1\Debug\link.9388-rc.read.1.tlog
C:\Users\fali\developement\ConsoleApplication1\ConsoleApplication1\Debug\link.9388-rc.write.1.tlog
C:\Users\fali\developement\ConsoleApplication1\ConsoleApplication1\Debug\link.9388.read.1.tlog
C:\Users\fali\developement\ConsoleApplication1\ConsoleApplication1\Debug\link.9388.write.1.tlog
C:\Users\fali\developement\ConsoleApplication1\ConsoleApplication1\Debug\link.9576-cvtres.read.1.tlog
C:\Users\fali\developement\ConsoleApplication1\ConsoleApplication1\Debug\link.9576-cvtres.write.1.tlog
C:\Users\fali\developement\ConsoleApplication1\ConsoleApplication1\Debug\link.9576-rc.read.1.tlog
C:\Users\fali\developement\ConsoleApplication1\ConsoleApplication1\Debug\link.9576-rc.write.1.tlog
C:\Users\fali\developement\ConsoleApplication1\ConsoleApplication1\Debug\link.9576.read.1.tlog
C:\Users\fali\developement\ConsoleApplication1\ConsoleApplication1\Debug\link.9576.write.1.tlog
C:\Users\fali\developement\ConsoleApplication1\ConsoleApplication1\Debug\link.9592-cvtres.read.1.tlog
C:\Users\fali\developement\ConsoleApplication1\ConsoleApplication1\Debug\link.9592-cvtres.write.1.tlog
C:\Users\fali\developement\ConsoleApplication1\ConsoleApplication1\Debug\link.9592-rc.read.1.tlog
C:\Users\fali\developement\ConsoleApplication1\ConsoleApplication1\Debug\link.9592-rc.write.1.tlog
C:\Users\fali\developement\ConsoleApplication1\ConsoleApplication1\Debug\link.9592.read.1.tlog
C:\Users\fali\developement\ConsoleApplication1\ConsoleApplication1\Debug\link.9592.write.1.tlog
C:\Users\fali\developement\ConsoleApplication1\ConsoleApplication1\Debug\link.9872-cvtres.read.1.tlog
C:\Users\fali\developement\ConsoleApplication1\ConsoleApplication1\Debug\link.9872-cvtres.write.1.tlog
C:\Users\fali\developement\ConsoleApplication1\ConsoleApplication1\Debug\link.9872-rc.read.1.tlog
C:\Users\fali\developement\ConsoleApplication1\ConsoleApplication1\Debug\link.9872-rc.write.1.tlog
C:\Users\fali\developement\ConsoleApplication1\ConsoleApplication1\Debug\link.9872.read.1.tlog
C:\Users\fali\developement\ConsoleApplication1\ConsoleApplication1\Debug\link.9872.write.1.tlog
C:\Users\fali\developement\ConsoleApplication1\ConsoleApplication1\Debug\link.9992-cvtres.read.1.tlog
C:\Users\fali\developement\ConsoleApplication1\ConsoleApplication1\Debug\link.9992-cvtres.write.1.tlog
C:\Users\fali\developement\ConsoleApplication1\ConsoleApplication1\Debug\link.9992-rc.read.1.tlog
C:\Users\fali\developement\ConsoleApplication1\ConsoleApplication1\Debug\link.9992-rc.write.1.tlog
C:\Users\fali\developement\ConsoleApplication1\ConsoleApplication1\Debug\link.9992.read.1.tlog
C:\Users\fali\developement\ConsoleApplication1\ConsoleApplication1\Debug\link.9992.write.1.tlog
C:\Users\fali\developement\ConsoleApplication1\ConsoleApplication1\Debug\link.command.1.tlog
C:\Users\fali\developement\ConsoleApplication1\ConsoleApplication1\Debug\link.read.1.tlog
C:\Users\fali\developement\ConsoleApplication1\ConsoleApplication1\Debug\link.write.1.tlog
C:\Users\fali\developement\ConsoleApplication1\ConsoleApplication1\Debug\vc110.idb
C:\Users\fali\developement\ConsoleApplication1\ConsoleApplication1\Debug\vc110.pdb
C:\Users\fali\developement\ConsoleApplication1\Debug\ConsoleApplication1.pdb
